<?xml version="1.0" encoding="UTF-8"?>
<coverage generated="1702024202068" clover="3.2.0">
  <project timestamp="1702024202068" name="All files">
    <metrics statements="32" coveredstatements="32" conditionals="9" coveredconditionals="9" methods="9" coveredmethods="9" elements="50" coveredelements="50" complexity="0" loc="32" ncloc="32" packages="1" files="7" classes="7"/>
    <file name="bowerman.js" path="/home/heleg/Рабочий стол/npm/ajs.oop.neto/src/bowerman.js">
      <metrics statements="2" coveredstatements="2" conditionals="0" coveredconditionals="0" methods="1" coveredmethods="1"/>
      <line num="5" count="2" type="stmt"/>
      <line num="6" count="2" type="stmt"/>
    </file>
    <file name="character.js" path="/home/heleg/Рабочий стол/npm/ajs.oop.neto/src/character.js">
      <metrics statements="15" coveredstatements="15" conditionals="9" coveredconditionals="9" methods="3" coveredmethods="3"/>
      <line num="3" count="12" type="cond" truecount="5" falsecount="0"/>
      <line num="4" count="1" type="stmt"/>
      <line num="7" count="11" type="stmt"/>
      <line num="8" count="11" type="cond" truecount="2" falsecount="0"/>
      <line num="9" count="1" type="stmt"/>
      <line num="11" count="10" type="stmt"/>
      <line num="15" count="10" type="stmt"/>
      <line num="16" count="10" type="stmt"/>
      <line num="20" count="2" type="cond" truecount="2" falsecount="0"/>
      <line num="21" count="1" type="stmt"/>
      <line num="23" count="1" type="stmt"/>
      <line num="24" count="1" type="stmt"/>
      <line num="25" count="1" type="stmt"/>
      <line num="26" count="1" type="stmt"/>
      <line num="30" count="1" type="stmt"/>
    </file>
    <file name="daemon.js" path="/home/heleg/Рабочий стол/npm/ajs.oop.neto/src/daemon.js">
      <metrics statements="3" coveredstatements="3" conditionals="0" coveredconditionals="0" methods="1" coveredmethods="1"/>
      <line num="5" count="2" type="stmt"/>
      <line num="6" count="2" type="stmt"/>
      <line num="7" count="2" type="stmt"/>
    </file>
    <file name="magician.js" path="/home/heleg/Рабочий стол/npm/ajs.oop.neto/src/magician.js">
      <metrics statements="3" coveredstatements="3" conditionals="0" coveredconditionals="0" methods="1" coveredmethods="1"/>
      <line num="5" count="2" type="stmt"/>
      <line num="6" count="2" type="stmt"/>
      <line num="7" count="2" type="stmt"/>
    </file>
    <file name="swordsman.js" path="/home/heleg/Рабочий стол/npm/ajs.oop.neto/src/swordsman.js">
      <metrics statements="3" coveredstatements="3" conditionals="0" coveredconditionals="0" methods="1" coveredmethods="1"/>
      <line num="5" count="1" type="stmt"/>
      <line num="6" count="1" type="stmt"/>
      <line num="7" count="1" type="stmt"/>
    </file>
    <file name="undead.js" path="/home/heleg/Рабочий стол/npm/ajs.oop.neto/src/undead.js">
      <metrics statements="3" coveredstatements="3" conditionals="0" coveredconditionals="0" methods="1" coveredmethods="1"/>
      <line num="5" count="1" type="stmt"/>
      <line num="6" count="1" type="stmt"/>
      <line num="7" count="1" type="stmt"/>
    </file>
    <file name="zombie.js" path="/home/heleg/Рабочий стол/npm/ajs.oop.neto/src/zombie.js">
      <metrics statements="3" coveredstatements="3" conditionals="0" coveredconditionals="0" methods="1" coveredmethods="1"/>
      <line num="5" count="1" type="stmt"/>
      <line num="6" count="1" type="stmt"/>
      <line num="7" count="1" type="stmt"/>
    </file>
  </project>
</coverage>
