{"/home/heleg/Рабочий стол/npm/ajs.oop.neto/src/bowerman.js": {"path":"/home/heleg/Рабочий стол/npm/ajs.oop.neto/src/bowerman.js","statementMap":{"0":{"start":{"line":5,"column":8},"end":{"line":5,"column":30}},"1":{"start":{"line":6,"column":8},"end":{"line":7,"column":26}}},"fnMap":{"0":{"name":"(anonymous_0)","decl":{"start":{"line":4,"column":4},"end":{"line":4,"column":5}},"loc":{"start":{"line":4,"column":22},"end":{"line":8,"column":5}},"line":4}},"branchMap":{},"s":{"0":2,"1":2},"f":{"0":2},"b":{},"_coverageSchema":"1a1c01bbd47fc00a2c39e90264f33305004495a9","hash":"b151feea5330cbf7a3d4141d74be430288168f84"}
,"/home/heleg/Рабочий стол/npm/ajs.oop.neto/src/character.js": {"path":"/home/heleg/Рабочий стол/npm/ajs.oop.neto/src/character.js","statementMap":{"0":{"start":{"line":3,"column":8},"end":{"line":5,"column":9}},"1":{"start":{"line":4,"column":12},"end":{"line":4,"column":54}},"2":{"start":{"line":7,"column":28},"end":{"line":7,"column":93}},"3":{"start":{"line":8,"column":8},"end":{"line":10,"column":9}},"4":{"start":{"line":9,"column":12},"end":{"line":9,"column":44}},"5":{"start":{"line":11,"column":8},"end":{"line":14,"column":23}},"6":{"start":{"line":15,"column":8},"end":{"line":15,"column":24}},"7":{"start":{"line":16,"column":8},"end":{"line":16,"column":25}},"8":{"start":{"line":20,"column":8},"end":{"line":22,"column":9}},"9":{"start":{"line":21,"column":12},"end":{"line":21,"column":76}},"10":{"start":{"line":23,"column":8},"end":{"line":23,"column":24}},"11":{"start":{"line":24,"column":8},"end":{"line":24,"column":27}},"12":{"start":{"line":25,"column":8},"end":{"line":25,"column":28}},"13":{"start":{"line":26,"column":8},"end":{"line":26,"column":26}},"14":{"start":{"line":30,"column":8},"end":{"line":30,"column":56}}},"fnMap":{"0":{"name":"(anonymous_0)","decl":{"start":{"line":2,"column":4},"end":{"line":2,"column":5}},"loc":{"start":{"line":2,"column":29},"end":{"line":17,"column":5}},"line":2},"1":{"name":"(anonymous_1)","decl":{"start":{"line":19,"column":4},"end":{"line":19,"column":5}},"loc":{"start":{"line":19,"column":14},"end":{"line":27,"column":5}},"line":19},"2":{"name":"(anonymous_2)","decl":{"start":{"line":29,"column":4},"end":{"line":29,"column":5}},"loc":{"start":{"line":29,"column":19},"end":{"line":32,"column":9}},"line":29}},"branchMap":{"0":{"loc":{"start":{"line":3,"column":8},"end":{"line":5,"column":9}},"type":"if","locations":[{"start":{"line":3,"column":8},"end":{"line":5,"column":9}},{"start":{},"end":{}}],"line":3},"1":{"loc":{"start":{"line":3,"column":12},"end":{"line":3,"column":75}},"type":"binary-expr","locations":[{"start":{"line":3,"column":12},"end":{"line":3,"column":36}},{"start":{"line":3,"column":40},"end":{"line":3,"column":55}},{"start":{"line":3,"column":59},"end":{"line":3,"column":75}}],"line":3},"2":{"loc":{"start":{"line":8,"column":8},"end":{"line":10,"column":9}},"type":"if","locations":[{"start":{"line":8,"column":8},"end":{"line":10,"column":9}},{"start":{},"end":{}}],"line":8},"3":{"loc":{"start":{"line":20,"column":8},"end":{"line":22,"column":9}},"type":"if","locations":[{"start":{"line":20,"column":8},"end":{"line":22,"column":9}},{"start":{},"end":{}}],"line":20}},"s":{"0":12,"1":1,"2":11,"3":11,"4":1,"5":10,"6":10,"7":10,"8":2,"9":1,"10":1,"11":1,"12":1,"13":1,"14":1},"f":{"0":12,"1":2,"2":1},"b":{"0":[1,11],"1":[12,12,11],"2":[1,10],"3":[1,1]},"_coverageSchema":"1a1c01bbd47fc00a2c39e90264f33305004495a9","hash":"42384ced386d102621590ebec78c78efa6d4c3a9"}
,"/home/heleg/Рабочий стол/npm/ajs.oop.neto/src/daemon.js": {"path":"/home/heleg/Рабочий стол/npm/ajs.oop.neto/src/daemon.js","statementMap":{"0":{"start":{"line":5,"column":6},"end":{"line":5,"column":28}},"1":{"start":{"line":6,"column":6},"end":{"line":6,"column":23}},"2":{"start":{"line":7,"column":6},"end":{"line":7,"column":24}}},"fnMap":{"0":{"name":"(anonymous_0)","decl":{"start":{"line":4,"column":4},"end":{"line":4,"column":5}},"loc":{"start":{"line":4,"column":22},"end":{"line":8,"column":5}},"line":4}},"branchMap":{},"s":{"0":2,"1":2,"2":2},"f":{"0":2},"b":{},"_coverageSchema":"1a1c01bbd47fc00a2c39e90264f33305004495a9","hash":"caf39a3656167efcb072bb69bd2aca37baf5f937"}
,"/home/heleg/Рабочий стол/npm/ajs.oop.neto/src/magician.js": {"path":"/home/heleg/Рабочий стол/npm/ajs.oop.neto/src/magician.js","statementMap":{"0":{"start":{"line":5,"column":6},"end":{"line":5,"column":30}},"1":{"start":{"line":6,"column":6},"end":{"line":6,"column":23}},"2":{"start":{"line":7,"column":6},"end":{"line":7,"column":24}}},"fnMap":{"0":{"name":"(anonymous_0)","decl":{"start":{"line":4,"column":4},"end":{"line":4,"column":5}},"loc":{"start":{"line":4,"column":22},"end":{"line":8,"column":5}},"line":4}},"branchMap":{},"s":{"0":2,"1":2,"2":2},"f":{"0":2},"b":{},"_coverageSchema":"1a1c01bbd47fc00a2c39e90264f33305004495a9","hash":"deb63d905bc137450f5e799b7399ba863f470b38"}
,"/home/heleg/Рабочий стол/npm/ajs.oop.neto/src/swordsman.js": {"path":"/home/heleg/Рабочий стол/npm/ajs.oop.neto/src/swordsman.js","statementMap":{"0":{"start":{"line":5,"column":6},"end":{"line":5,"column":31}},"1":{"start":{"line":6,"column":6},"end":{"line":6,"column":23}},"2":{"start":{"line":7,"column":6},"end":{"line":7,"column":24}}},"fnMap":{"0":{"name":"(anonymous_0)","decl":{"start":{"line":4,"column":4},"end":{"line":4,"column":5}},"loc":{"start":{"line":4,"column":22},"end":{"line":8,"column":5}},"line":4}},"branchMap":{},"s":{"0":1,"1":1,"2":1},"f":{"0":1},"b":{},"_coverageSchema":"1a1c01bbd47fc00a2c39e90264f33305004495a9","hash":"824213dfcc1c25acb993d1b01dc8ad4a7c780f83"}
,"/home/heleg/Рабочий стол/npm/ajs.oop.neto/src/undead.js": {"path":"/home/heleg/Рабочий стол/npm/ajs.oop.neto/src/undead.js","statementMap":{"0":{"start":{"line":5,"column":6},"end":{"line":5,"column":28}},"1":{"start":{"line":6,"column":6},"end":{"line":6,"column":23}},"2":{"start":{"line":7,"column":6},"end":{"line":7,"column":24}}},"fnMap":{"0":{"name":"(anonymous_0)","decl":{"start":{"line":4,"column":4},"end":{"line":4,"column":5}},"loc":{"start":{"line":4,"column":22},"end":{"line":8,"column":5}},"line":4}},"branchMap":{},"s":{"0":1,"1":1,"2":1},"f":{"0":1},"b":{},"_coverageSchema":"1a1c01bbd47fc00a2c39e90264f33305004495a9","hash":"a23d102d60e6fdff609e04133dc2acf7e027287a"}
,"/home/heleg/Рабочий стол/npm/ajs.oop.neto/src/zombie.js": {"path":"/home/heleg/Рабочий стол/npm/ajs.oop.neto/src/zombie.js","statementMap":{"0":{"start":{"line":5,"column":6},"end":{"line":5,"column":28}},"1":{"start":{"line":6,"column":6},"end":{"line":6,"column":23}},"2":{"start":{"line":7,"column":6},"end":{"line":7,"column":24}}},"fnMap":{"0":{"name":"(anonymous_0)","decl":{"start":{"line":4,"column":4},"end":{"line":4,"column":5}},"loc":{"start":{"line":4,"column":22},"end":{"line":8,"column":5}},"line":4}},"branchMap":{},"s":{"0":1,"1":1,"2":1},"f":{"0":1},"b":{},"_coverageSchema":"1a1c01bbd47fc00a2c39e90264f33305004495a9","hash":"7d7038f2a3a3a7192df4a0054f3a16eadb954868"}
}
